<?xml version='1.0'?>
<ns2:test-suite xmlns:ns2='urn:model.allure.qatools.yandex.ru' start='1718349539140' stop='1718349563237'>
    <name>Ordering a Pizza</name>
    <title>Ordering a Pizza</title>
    <test-cases>
        <test-case start='1718349539140' status='failed' stop='1718349563237'>
            <name>Select A Website an Order A Pizza</name>
            <title>Select A Website an Order A Pizza</title>
            <labels/>
            <parameters/>
            <steps/>
            <attachments/>
            <failure>
                <message>Timed out retrying after 4000ms: Expected to find element: `#quantity_6669b14573060`, but never found it.</message>
                <stack-trace>AssertionError: Timed out retrying after 4000ms: Expected to find element: `#quantity_6669b14573060`, but never found it.
                    at PizzaOrder.SelectQuantity (webpack://royalpizza/./cypress/e2e/Pages/PizzaOrder.js:39:11)
                    at Context.eval (webpack://royalpizza/./cypress/e2e/Test/Pizza.cy.js:14:22)</stack-trace>
            </failure>
        </test-case>
    </test-cases>
</ns2:test-suite>